        -:    0:Source:/home/david/host/Projects/dvmon/src/em/ClassMetaData.cpp
        -:    0:Graph:/home/david/build/src/em/CMakeFiles/dvem.dir/ClassMetaData.cpp.gcno
        -:    0:Data:/home/david/build/src/em/CMakeFiles/dvem.dir/ClassMetaData.cpp.gcda
        -:    0:Runs:1
        -:    0:Programs:1
        -:    1:#include "ClassMetaData.h"
        -:    2:#include "MetaDataStore.h"
        -:    3:
        -:    4:using namespace dv::em;
        -:    5:
function _ZN2dv2em13ClassMetaDataC2ERKSt9type_info called 1 returned 100% blocks executed 54%
        2:    6:ClassMetaData::ClassMetaData( const std::type_info &info ) : mangledName( info.name() ) {
        1:    6-block  0
        1:    6-block  1
call    0 returned 1
call    1 returned 1
call    2 returned 1
branch  3 taken 1 (fallthrough)
branch  4 taken 0 (throw)
        1:    6-block  2
call    5 returned 1
call    6 returned 1
branch  7 taken 1 (fallthrough)
branch  8 taken 0 (throw)
        1:    6-block  3
call    9 returned 1
branch 10 taken 1 (fallthrough)
branch 11 taken 0 (throw)
        1:    6-block  4
call   12 returned 1
branch 13 taken 1 (fallthrough)
branch 14 taken 0 (throw)
        1:    6-block  5
call   15 returned 1
branch 16 taken 1 (fallthrough)
branch 17 taken 0 (throw)
    %%%%%:    6-block  6
call   18 never executed
call   19 never executed
    %%%%%:    6-block  7
call   20 never executed
    %%%%%:    6-block  8
call   21 never executed
    %%%%%:    6-block  9
call   22 never executed
    %%%%%:    6-block 10
call   23 never executed
    %%%%%:    6-block 11
call   24 never executed
        1:    7:  name = boost::core::demangle( mangledName.c_str() );
        1:    7-block  0
call    0 returned 1
call    1 returned 1
branch  2 taken 1 (fallthrough)
branch  3 taken 0 (throw)
        1:    7-block  1
call    4 returned 1
branch  5 taken 1 (fallthrough)
branch  6 taken 0 (throw)
        1:    7-block  2
call    7 returned 1
    %%%%%:    7-block  3
call    8 never executed
        1:    8:  MetaDataStore::registerClass( this );
call    0 returned 1
branch  1 taken 1 (fallthrough)
branch  2 taken 0 (throw)
        1:    9:}
        1:    9-block  0
        -:   10:
function _ZN2dv2em13ClassMetaDataD0Ev called 0 returned 0% blocks executed 0%
function _ZN2dv2em13ClassMetaDataD2Ev called 1 returned 100% blocks executed 89%
        2:   11:ClassMetaData::~ClassMetaData() {
    $$$$$:   11-block  0
        1:   11-block  1
call    0 returned 1
call    1 returned 1
call    2 returned 1
call    3 returned 1
call    4 returned 1
        1:   12:  MetaDataStore::unregisterClass( this );
        1:   12-block  0
call    0 returned 1
        1:   13:}
    $$$$$:   13-block  0
call    0 never executed
call    1 never executed
branch  2 taken 0 (fallthrough)
branch  3 taken 1
    $$$$$:   13-block  1
call    4 never executed
        -:   14:
function _ZN2dv2em13ClassMetaData8addFieldERKN5boost10shared_ptrINS0_13FieldMetaDataEEE called 2 returned 100% blocks executed 100%
        2:   15:void ClassMetaData::addField( const FieldMetaDataPtr &field ) {
        2:   15-block  0
        2:   16:  fields[field->name()] = field;
        2:   16-block  0
call    0 returned 2
call    1 returned 2
call    2 returned 2
call    3 returned 2
        2:   17:}
        -:   18:
        -:   19:void
function _ZNK2dv2em13ClassMetaData8setFieldERKSsRN5boost10shared_ptrINS0_6EntityEEENS4_3anyE called 0 returned 0% blocks executed 0%
    #####:   20:ClassMetaData::setField( const std::string &fieldName, EntityPtr &ent, const boost::any value ) const {
    $$$$$:   20-block  0
    #####:   21:  setField( fieldName, *ent.get(), value );
    $$$$$:   21-block  0
call    0 never executed
call    1 never executed
call    2 never executed
branch  3 never executed
branch  4 never executed
    $$$$$:   21-block  1
call    5 never executed
    %%%%%:   21-block  2
call    6 never executed
    #####:   22:}
        -:   23:
        -:   24:void
function _ZNK2dv2em13ClassMetaData8setFieldERKSsRNS0_6EntityEN5boost3anyE called 3 returned 67% blocks executed 72%
        3:   25:ClassMetaData::setField( const std::string &fieldName, Entity &ent, const boost::any value ) const {
        3:   25-block  0
        3:   26:  fieldsType::const_iterator it = fields.find( fieldName );
        3:   26-block  0
call    0 returned 3
branch  1 taken 3 (fallthrough)
branch  2 taken 0 (throw)
        3:   27:  if ( it == fields.end() ) {
        3:   27-block  0
call    0 returned 3
call    1 returned 3
branch  2 taken 3 (fallthrough)
branch  3 taken 0 (throw)
        3:   27-block  1
branch  4 taken 0 (fallthrough)
branch  5 taken 3
    %%%%%:   27-block  2
    #####:   28:    BOOST_THROW_EXCEPTION( NoSuchFieldException() );
    $$$$$:   28-block  0
call    0 never executed
branch  1 never executed
branch  2 never executed
    $$$$$:   28-block  1
call    3 never executed
    %%%%%:   28-block  2
call    4 never executed
        -:   29:  }
        3:   30:  it->second->setValue( &ent, value );
        3:   30-block  0
call    0 returned 3
branch  1 taken 3 (fallthrough)
branch  2 taken 0 (throw)
        3:   30-block  1
call    3 returned 3
branch  4 taken 3 (fallthrough)
branch  5 taken 0 (throw)
        3:   30-block  2
call    6 returned 3
branch  7 taken 3 (fallthrough)
branch  8 taken 0 (throw)
        3:   30-block  3
call    9 returned 3
branch 10 taken 2 (fallthrough)
branch 11 taken 1 (throw)
        2:   30-block  4
call   12 returned 2
        1:   30-block  5
call   13 returned 1
        2:   31:}
        -:   32:
function _ZNK2dv2em13ClassMetaData8getFieldERKSsRKN5boost10shared_ptrINS0_6EntityEEE called 0 returned 0% blocks executed 0%
    #####:   33:const boost::any ClassMetaData::getField( const std::string &fieldName, const EntityPtr &ent ) const {
    $$$$$:   33-block  0
    #####:   34:  return getField( fieldName, *ent.get() );
    $$$$$:   34-block  0
call    0 never executed
call    1 never executed
        -:   35:}
        -:   36:
function _ZNK2dv2em13ClassMetaData8getFieldERKSsRKNS0_6EntityE called 4 returned 100% blocks executed 89%
        4:   37:const boost::any ClassMetaData::getField( const std::string &fieldName, const Entity &ent ) const {
        4:   37-block  0
        4:   38:  return getField( fieldName )->getValue( &ent );
        4:   38-block  0
call    0 returned 4
call    1 returned 4
branch  2 taken 4 (fallthrough)
branch  3 taken 0 (throw)
        4:   38-block  1
call    4 returned 4
branch  5 taken 4 (fallthrough)
branch  6 taken 0 (throw)
        4:   38-block  2
        4:   38-block  3
call    7 returned 4
        4:   38-block  4
    %%%%%:   38-block  5
call    8 never executed
        -:   39:}
        -:   40:
function _ZNK2dv2em13ClassMetaData8getFieldERKSs called 4 returned 100% blocks executed 64%
        4:   41:const FieldMetaDataPtr ClassMetaData::getField( const std::string &fieldName ) const {
        4:   41-block  0
        4:   42:  fieldsType::const_iterator it = fields.find( fieldName );
        4:   42-block  0
call    0 returned 4
branch  1 taken 4 (fallthrough)
branch  2 taken 0 (throw)
        4:   43:  if ( it == fields.end() ) {
        4:   43-block  0
call    0 returned 4
call    1 returned 4
branch  2 taken 4 (fallthrough)
branch  3 taken 0 (throw)
        4:   43-block  1
branch  4 taken 0 (fallthrough)
branch  5 taken 4
    %%%%%:   43-block  2
    #####:   44:    BOOST_THROW_EXCEPTION( NoSuchFieldException() );
    $$$$$:   44-block  0
call    0 never executed
branch  1 never executed
branch  2 never executed
    $$$$$:   44-block  1
call    3 never executed
    %%%%%:   44-block  2
call    4 never executed
        -:   45:  }
        4:   46:  return it->second;
        4:   46-block  0
call    0 returned 4
branch  1 taken 4 (fallthrough)
branch  2 taken 0 (throw)
        4:   46-block  1
call    3 returned 4
        4:   46-block  2
        -:   47:}
        -:   48:
function _ZNK2dv2em13ClassMetaData14getMangledNameEv called 2 returned 100% blocks executed 100%
        2:   49:const std::string &ClassMetaData::getMangledName() const {
        2:   49-block  0
        2:   50:  return mangledName;
        2:   50-block  0
        -:   51:}
        -:   52:
function _ZNK2dv2em13ClassMetaData7getNameEv called 0 returned 0% blocks executed 0%
    #####:   53:const std::string &ClassMetaData::getName() const {
    $$$$$:   53-block  0
    #####:   54:  return name;
    $$$$$:   54-block  0
        -:   55:}
        -:   56:
function _ZNK2dv2em13ClassMetaData9getFieldsEv called 0 returned 0% blocks executed 0%
    #####:   57:const ClassMetaData::fieldsType &ClassMetaData::getFields() const {
    $$$$$:   57-block  0
    #####:   58:  return fields;
    $$$$$:   58-block  0
        -:   59:}
        -:   60:
function _ZNK2dv2em13ClassMetaData8getTableEv called 0 returned 0% blocks executed 0%
    #####:   61:const std::string &ClassMetaData::getTable() const {
    $$$$$:   61-block  0
    #####:   62:  return table;
    $$$$$:   62-block  0
        -:   63:}
        -:   64:
function _ZN2dv2em13ClassMetaData8setTableERKSs called 0 returned 0% blocks executed 0%
    #####:   65:void ClassMetaData::setTable( const std::string &tableName ) {
    $$$$$:   65-block  0
    #####:   66:  table = tableName;
    $$$$$:   66-block  0
call    0 never executed
function _GLOBAL__sub_I_ClassMetaData.cpp called 0 returned 0% blocks executed 0%
function _Z41__static_initialization_and_destruction_0ii called 0 returned 0% blocks executed 0%
    #####:   67:}
    $$$$$:   67-block  0
    $$$$$:   67-block  1
call    0 never executed
    $$$$$:   67-block  2
    $$$$$:   67-block  3
branch  1 never executed
branch  2 never executed
    $$$$$:   67-block  4
branch  3 never executed
branch  4 never executed
    $$$$$:   67-block  5

